<?xml version="1.0" encoding="UTF-8"?>
<!-- Generated by org.testng.reporters.JUnitReportReporter -->
<testsuite skipped="0" hostname="ASPIRENAV497" name="org.gradle.PersonTest" tests="1" failures="0" timestamp="22 Aug 2019 08:57:18 GMT" time="218.549" errors="0">
  <testcase name="webPageWithValidTitle" time="218.549" classname="org.gradle.PersonTest"/>
</testsuite> <!-- org.gradle.PersonTest -->
